# JRE version: OpenJDK Runtime Environment (7.0_65-b32) (build 1.7.0_65-b32)
# Java VM: OpenJDK 64-Bit Server VM (24.65-b04 mixed mode linux-amd64 compressed oops)
Heap
 PSYoungGen      total 37376K, used 33385K [0x00000007d6d00000, 0x00000007d9680000, 0x0000000800000000)
  eden space 32256K, 87% used [0x00000007d6d00000,0x00000007d889e410,0x00000007d8c80000)
  from space 5120K, 99% used [0x00000007d8c80000,0x00000007d917c0b0,0x00000007d9180000)
  to   space 5120K, 0% used [0x00000007d9180000,0x00000007d9180000,0x00000007d9680000)
 ParOldGen       total 83968K, used 3132K [0x0000000784800000, 0x0000000789a00000, 0x00000007d6d00000)
  object space 83968K, 3% used [0x0000000784800000,0x0000000784b0f1f8,0x0000000789a00000)
 PSPermGen       total 21504K, used 18937K [0x000000077a200000, 0x000000077b700000, 0x0000000784800000)
  object space 21504K, 88% used [0x000000077a200000,0x000000077b47e788,0x000000077b700000)
GC Heap History (6 events):
Event: 1.193 GC heap before
{Heap before GC invocations=1 (full 0):
 PSYoungGen      total 37376K, used 32256K [0x00000007d6d00000, 0x00000007d9680000, 0x0000000800000000)
  eden space 32256K, 100% used [0x00000007d6d00000,0x00000007d8c80000,0x00000007d8c80000)
  from space 5120K, 0% used [0x00000007d9180000,0x00000007d9180000,0x00000007d9680000)
  to   space 5120K, 0% used [0x00000007d8c80000,0x00000007d8c80000,0x00000007d9180000)
 ParOldGen       total 83968K, used 0K [0x0000000784800000, 0x0000000789a00000, 0x00000007d6d00000)
  object space 83968K, 0% used [0x0000000784800000,0x0000000784800000,0x0000000789a00000)
 PSPermGen       total 21504K, used 11692K [0x000000077a200000, 0x000000077b700000, 0x0000000784800000)
  object space 21504K, 54% used [0x000000077a200000,0x000000077ad6b108,0x000000077b700000)
Event: 1.204 GC heap after
Heap after GC invocations=1 (full 0):
 PSYoungGen      total 37376K, used 4714K [0x00000007d6d00000, 0x00000007d9680000, 0x0000000800000000)
  eden space 32256K, 0% used [0x00000007d6d00000,0x00000007d6d00000,0x00000007d8c80000)
  from space 5120K, 92% used [0x00000007d8c80000,0x00000007d911aac8,0x00000007d9180000)
  to   space 5120K, 0% used [0x00000007d9180000,0x00000007d9180000,0x00000007d9680000)
 ParOldGen       total 83968K, used 8K [0x0000000784800000, 0x0000000789a00000, 0x00000007d6d00000)
  object space 83968K, 0% used [0x0000000784800000,0x0000000784802000,0x0000000789a00000)
 PSPermGen       total 21504K, used 11692K [0x000000077a200000, 0x000000077b700000, 0x0000000784800000)
  object space 21504K, 54% used [0x000000077a200000,0x000000077ad6b108,0x000000077b700000)
}
Event: 28.755 GC heap before
{Heap before GC invocations=2 (full 0):
 PSYoungGen      total 37376K, used 36970K [0x00000007d6d00000, 0x00000007d9680000, 0x0000000800000000)
  eden space 32256K, 100% used [0x00000007d6d00000,0x00000007d8c80000,0x00000007d8c80000)
  from space 5120K, 92% used [0x00000007d8c80000,0x00000007d911aac8,0x00000007d9180000)
  to   space 5120K, 0% used [0x00000007d9180000,0x00000007d9180000,0x00000007d9680000)
 ParOldGen       total 83968K, used 8K [0x0000000784800000, 0x0000000789a00000, 0x00000007d6d00000)
  object space 83968K, 0% used [0x0000000784800000,0x0000000784802000,0x0000000789a00000)
 PSPermGen       total 21504K, used 16820K [0x000000077a200000, 0x000000077b700000, 0x0000000784800000)
  object space 21504K, 78% used [0x000000077a200000,0x000000077b26d0a8,0x000000077b700000)
Event: 28.770 GC heap after
Heap after GC invocations=2 (full 0):
 PSYoungGen      total 37376K, used 5103K [0x00000007d6d00000, 0x00000007d9680000, 0x0000000800000000)
  eden space 32256K, 0% used [0x00000007d6d00000,0x00000007d6d00000,0x00000007d8c80000)
  from space 5120K, 99% used [0x00000007d9180000,0x00000007d967bed8,0x00000007d9680000)
  to   space 5120K, 0% used [0x00000007d8c80000,0x00000007d8c80000,0x00000007d9180000)
 ParOldGen       total 83968K, used 1036K [0x0000000784800000, 0x0000000789a00000, 0x00000007d6d00000)
  object space 83968K, 1% used [0x0000000784800000,0x0000000784903160,0x0000000789a00000)
 PSPermGen       total 21504K, used 16820K [0x000000077a200000, 0x000000077b700000, 0x0000000784800000)
  object space 21504K, 78% used [0x000000077a200000,0x000000077b26d0a8,0x000000077b700000)
}
Event: 1225.445 GC heap before
{Heap before GC invocations=3 (full 0):
 PSYoungGen      total 37376K, used 37359K [0x00000007d6d00000, 0x00000007d9680000, 0x0000000800000000)
  eden space 32256K, 100% used [0x00000007d6d00000,0x00000007d8c80000,0x00000007d8c80000)
  from space 5120K, 99% used [0x00000007d9180000,0x00000007d967bed8,0x00000007d9680000)
  to   space 5120K, 0% used [0x00000007d8c80000,0x00000007d8c80000,0x00000007d9180000)
 ParOldGen       total 83968K, used 1036K [0x0000000784800000, 0x0000000789a00000, 0x00000007d6d00000)
  object space 83968K, 1% used [0x0000000784800000,0x0000000784903160,0x0000000789a00000)
 PSPermGen       total 21504K, used 18819K [0x000000077a200000, 0x000000077b700000, 0x0000000784800000)
  object space 21504K, 87% used [0x000000077a200000,0x000000077b460f68,0x000000077b700000)
Event: 1225.460 GC heap after
Heap after GC invocations=3 (full 0):
 PSYoungGen      total 37376K, used 5104K [0x00000007d6d00000, 0x00000007d9680000, 0x0000000800000000)
  eden space 32256K, 0% used [0x00000007d6d00000,0x00000007d6d00000,0x00000007d8c80000)
  from space 5120K, 99% used [0x00000007d8c80000,0x00000007d917c0b0,0x00000007d9180000)
  to   space 5120K, 0% used [0x00000007d9180000,0x00000007d9180000,0x00000007d9680000)
 ParOldGen       total 83968K, used 3132K [0x0000000784800000, 0x0000000789a00000, 0x00000007d6d00000)
  object space 83968K, 3% used [0x0000000784800000,0x0000000784b0f1f8,0x0000000789a00000)
 PSPermGen       total 21504K, used 18819K [0x000000077a200000, 0x000000077b700000, 0x0000000784800000)
  object space 21504K, 87% used [0x000000077a200000,0x000000077b460f68,0x000000077b700000)
}

